<?xml version="1.0" encoding="UTF-8"?>
<!-- Generated by org.testng.reporters.JUnitXMLReporter -->
<testsuite hostname="LAPTOP-7AIFL2R7" ignored="0" name="ML_Wallet" tests="8" failures="0" timestamp="2022-09-03T17:26:50 IST" time="582.316" errors="0">
  <testcase name="Allowpopup" time="2.19" classname="com.MLWalletScripts.MLWalletScripts"/>
  <testcase name="Login" time="28.102" classname="com.MLWalletScripts.MLWalletScripts"/>
  <testcase name="sendMoney" time="16.816" classname="com.MLWalletScripts.MLWalletScripts"/>
  <testcase name="walletTowallet" time="129.343" classname="com.MLWalletScripts.MLWalletScripts"/>
  <testcase name="kwartaPadala" time="127.059" classname="com.MLWalletScripts.MLWalletScripts"/>
  <testcase name="withdrawMoney" time="62.59" classname="com.MLWalletScripts.MLWalletScripts"/>
  <testcase name="receivedMoney" time="47.978" classname="com.MLWalletScripts.MLWalletScripts"/>
  <testcase name="WalletNagativeScenario" time="143.734" classname="com.MLWalletScripts.MLWalletScripts"/>
</testsuite> <!-- ML_Wallet -->
