<?xml version="1.0" encoding="UTF-8"?>
<!-- Generated by org.testng.reporters.JUnitXMLReporter -->
<testsuite ignored="0" hostname="DESKTOP-077G3EM" failures="0" tests="11" name="GCASH" time="564.983" errors="0" timestamp="2022-09-28T11:16:22 IST">
  <testcase classname="com.GCash_GGivesScripts.GCASHScripts" name="Allowpopup" time="8.071"/>
  <testcase classname="com.GCash_GGivesScripts.GCASHScripts" name="Login" time="94.543"/>
  <testcase classname="com.GCash_GGivesScripts.GCASHScripts" name="gGivesHomePage" time="43.508"/>
  <testcase classname="com.GCash_GGivesScripts.GCASHScripts" name="gGivesViewPage" time="4.316"/>
  <testcase classname="com.GCash_GGivesScripts.GCASHScripts" name="gGivesDashboardPage" time="105.396"/>
  <testcase classname="com.GCash_GGivesScripts.GCASHScripts" name="gGivesDuesPage" time="0.485"/>
  <testcase classname="com.GCash_GGivesScripts.GCASHScripts" name="gGivesPaymentPage" time="1.004"/>
  <testcase classname="com.GCash_GGivesScripts.GCASHScripts" name="gCashLogoutPage" time="5.494"/>
  <testcase classname="com.GCash_GGivesScripts.GCASHScripts" name="gSaveLoginPage" time="62.736"/>
  <testcase classname="com.GCash_GGivesScripts.GCASHScripts" name="gSaveTransactionPage" time="86.042"/>
  <testcase classname="com.GCash_GGivesScripts.GCASHScripts" name="gSaveConfirmPage" time="50.634"/>
</testsuite> <!-- GCASH -->
