<?xml version="1.0" encoding="UTF-8"?>
<testsuite xmlns:xsi="http://www.w3.org/2001/XMLSchema-instance" xsi:noNamespaceSchemaLocation="https://maven.apache.org/surefire/maven-surefire-plugin/xsd/surefire-test-report.xsd" name="TestSuite" time="691.163" tests="10" errors="0" skipped="0" failures="1">
  <properties>
[...]
</properties>
  <testcase name="Allowpopup" classname="com.GCash_GGivesScripts.GCASHScripts" time="9.344"/>
  <testcase name="Login" classname="com.GCash_GGivesScripts.GCASHScripts" time="118.414"/>
  <testcase name="gGivesHomePage" classname="com.GCash_GGivesScripts.GCASHScripts" time="73.356"/>
  <testcase name="gGivesViewPage" classname="com.GCash_GGivesScripts.GCASHScripts" time="3.421"/>
  <testcase name="gGivesDashboardPage" classname="com.GCash_GGivesScripts.GCASHScripts" time="138.852"/>
  <testcase name="gGivesDuesPage" classname="com.GCash_GGivesScripts.GCASHScripts" time="0.706"/>
  <testcase name="gGivesPaymentPage" classname="com.GCash_GGivesScripts.GCASHScripts" time="3.848"/>
  <testcase name="gCashLogoutPage" classname="com.GCash_GGivesScripts.GCASHScripts" time="5.319"/>
  <testcase name="gSaveLoginPage" classname="com.GCash_GGivesScripts.GCASHScripts" time="90.829"/>
  <testcase name="gSaveTransactionPage" classname="com.GCash_GGivesScripts.GCASHScripts" time="110.599">
    <failure message="Expected condition failed: waiting for presence of element located by: By.xpath: //android.widget.TextView[@text=&apos;My Savings Account&apos;] (tried for 30 second(s) with 500 milliseconds interval)" type="org.openqa.selenium.TimeoutException">org.openqa.selenium.TimeoutException: Expected condition failed: waiting for presence of element located by: By.xpath: //android.widget.TextView[@text='My Savings Account'] (tried for 30 second(s) with 500 milliseconds interval)
	at com.GCash_GGivesScripts.GCASHScripts.gSaveTransactionPage(GCASHScripts.java:83)
Caused by: org.openqa.selenium.NoSuchElementException: 
An element could not be located on the page using the given search parameters.
For documentation on this error, please visit: https://www.seleniumhq.org/exceptions/no_such_element.html
Build info: version: '3.141.59', revision: 'e82be7d358', time: '2018-11-14T08:17:03'
System info: host: 'DESKTOP-077G3EM', ip: '172.31.99.238', os.name: 'Windows 10', os.arch: 'x86', os.version: '10.0', java.version: '1.8.0_202'
Driver info: io.appium.java_client.android.AndroidDriver
Capabilities {appActivity: gcash.module.splashscreen.m..., appPackage: com.globe.gcash.android.uat..., autoAcceptAlerts: true, automationName: uiautomator2, databaseEnabled: false, desired: {appActivity: gcash.module.splashscreen.m..., appPackage: com.globe.gcash.android.uat..., autoAcceptAlerts: true, automationName: uiautomator2, deviceName: Android, fullReset: false, newCommandTimeout: 300, noReset: false, platformName: android}, deviceApiLevel: 30, deviceManufacturer: samsung, deviceModel: SM-A507FN, deviceName: RZ8M90WEFMD, deviceScreenDensity: 420, deviceScreenSize: 1080x2340, deviceUDID: RZ8M90WEFMD, fullReset: false, javascriptEnabled: true, locationContextEnabled: false, networkConnectionEnabled: true, newCommandTimeout: 300, noReset: false, pixelRatio: 2.625, platform: LINUX, platformName: Android, platformVersion: 11, statBarHeight: 83, takesScreenshot: true, viewportRect: {height: 2048, left: 0, top: 83, width: 1080}, warnings: {}, webStorageEnabled: false}
Session ID: 9aa45b57-6a35-497d-bb27-2ebb432a2373
*** Element info: {Using=xpath, value=//android.widget.TextView[@text='My Savings Account']}
	at com.GCash_GGivesScripts.GCASHScripts.gSaveTransactionPage(GCASHScripts.java:83)
</failure>
    <system-out><![CDATA[2022-09-19 19:35:55,558 [main] INFO  binary_data_logger - RP_MESSAGE#FILE#C:\Windows\TEMP\screenshot5363388435516467067.png#Attachment
2022-09-19 19:35:55,558 [main] INFO  binary_data_logger - ::::::::::Test gSaveLoginPage PASSED::::::::::
JIRA ID : PP-24
test Key : PP-24
Execution Key:PP-10
200
eyJhbGciOiJIUzI1NiIsInR5cCI6IkpXVCJ9.eyJ0ZW5hbnQiOiIyMzE4MGJkMC0zMTU3LTNhNmItYmNiYy1jYzZhYzBkZWEyNGMiLCJhY2NvdW50SWQiOiI1ZTcyMDU5MDI0ZDc1NzBjMzQzYWQ1YzEiLCJpc1hlYSI6ZmFsc2UsImlhdCI6MTY2MzU5NjM1NywiZXhwIjoxNjYzNjgyNzU3LCJhdWQiOiI3QkRENDUxMzk0NUQ0RkZGQjE2OTlDODM4NkY3QjMzRSIsImlzcyI6ImNvbS54cGFuZGl0LnBsdWdpbnMueHJheSIsInN1YiI6IjdCREQ0NTEzOTQ1RDRGRkZCMTY5OUM4Mzg2RjdCMzNFIn0.tNta-GkWMfU7tjpmIaR5C2Dk6okL702A6u8YfXUS5bc
200
{"id":"10009","key":"PP-10","self":"https://testviz-igsindia.atlassian.net/rest/api/2/issue/10009"}
2022-09-19 19:36:02,252 [main] INFO  binary_data_logger - :::::::::Test gSaveTransactionPage Started::::::::
2022-09-19 19:36:02,736 [main] INFO  binary_data_logger - Clicked on GSave Tab
2022-09-19 19:36:09,408 [main] INFO  binary_data_logger - Welcome to Gsave Marketplace! is displayed
2022-09-19 19:36:09,716 [main] INFO  binary_data_logger - Clicked on Next Button
2022-09-19 19:36:12,208 [main] INFO  binary_data_logger - Clicked on Next Button
2022-09-19 19:36:14,590 [main] INFO  binary_data_logger - Clicked on Next Button
2022-09-19 19:36:49,835 [main] INFO  binary_data_logger - Open a savings account with our partners. dashboard tour is displayed Tapped at the center of Screen
2022-09-19 19:37:22,124 [main] INFO  binary_data_logger - Navigated to Gsave MarketPlace Page
2022-09-19 19:37:22,402 [main] INFO  binary_data_logger - Gsave MarketPlace Page is displayed
2022-09-19 19:37:22,732 [main] INFO  binary_data_logger - Clicked on CIMB Button
2022-09-19 19:37:22,733 [main] INFO  binary_data_logger - Navigated to My Savings Account Page
]]></system-out>
  </testcase>
</testsuite>